Active-HDL 12.0.118.7745 2023-11-27 14:37:25

Elaboration top modules:
Architecture                  TB_ARCHITECTURE(data_memory_tb)


------------------------------------------------------------------------------------------------------
Entity         | Architecture    | Library     | Info | Compiler Version        | Compilation Options
------------------------------------------------------------------------------------------------------
data_memory_tb | TB_ARCHITECTURE | Data_Memory |      | 12.0.118.7745 (Windows) | -O3
Data_Memory    | Behavioral      | Data_Memory |      | 12.0.118.7745 (Windows) | -O3
------------------------------------------------------------------------------------------------------

------------------------------------------------------------------------------------------------------
VHDL Package                     | Library     | Info | Compiler Version        | Compilation Options
------------------------------------------------------------------------------------------------------
standard                         | std         |      |                         | <unavailable>
TEXTIO                           | std         |      |                         | <unavailable>
std_logic_1164                   | ieee        |      |                         | <unavailable>
NUMERIC_STD                      | ieee        |      |                         | <unavailable>
------------------------------------------------------------------------------------------------------

------------------------------------------------------------------------------------------------------
Library                          | Comment
------------------------------------------------------------------------------------------------------
Data_Memory                      | None
ieee                             | Standard IEEE packages library
std                              | Standard VHDL library
------------------------------------------------------------------------------------------------------
