Active-HDL 12.0.118.7745 2023-11-25 18:55:35

Elaboration top modules:
Architecture                  Behavioral(Instruction_Fetch)


--------------------------------------------------------------------------------------------------------------
Entity             | Architecture | Library            | Info | Compiler Version        | Compilation Options
--------------------------------------------------------------------------------------------------------------
Instruction_Fetch  | Behavioral   | Instruction_Memory |      | 12.0.118.7745 (Windows) | -O3
Instruction_Memory | Behavioral   | Instruction_Memory |      | 12.0.118.7745 (Windows) | -O3
--------------------------------------------------------------------------------------------------------------

--------------------------------------------------------------------------------------------------------------
VHDL Package                      | Library            | Info | Compiler Version        | Compilation Options
--------------------------------------------------------------------------------------------------------------
standard                          | std                |      |                         | <unavailable>
TEXTIO                            | std                |      |                         | <unavailable>
std_logic_1164                    | ieee               |      |                         | <unavailable>
NUMERIC_STD                       | ieee               |      |                         | <unavailable>
--------------------------------------------------------------------------------------------------------------

--------------------------------------------------------------------------------------------------------------
Library                           | Comment
--------------------------------------------------------------------------------------------------------------
ieee                              | Standard IEEE packages library
Instruction_Memory                | None
std                               | Standard VHDL library
--------------------------------------------------------------------------------------------------------------
