# Library Manager: Library "simple_processor" contents cleared.
acom -reorder -O3 -e 100 -work Simple_Processor -2002  "$dsn/src/Register File.vhd"
# Warning: DAGGEN_0523: The source is compiled without the -dbg switch. Line breakpoints and assertion debug will not be available.
# File: C:/Users/emily/Git/Ece443_Ly_Zimmerman_FinalProject/ece443_finalproject/Simple_Processor/Simple Processor/src/Register File.vhd
# Compile Entity "RegisterFile"
# Compile Architecture "Behavioral" of Entity "RegisterFile"
# Top-level unit(s) detected:
# Entity => RegisterFile
# Compile success 0 Errors 0 Warnings  Analysis time :  47.0 [ms]
# ELBREAD: Elaboration process.
# ELBREAD: Elaboration time 0.0 [s].
acom -O3 -e 100 -work simple_processor -2002  $dsn/src/Testbench/tb.vhd
# Warning: DAGGEN_0523: The source is compiled without the -dbg switch. Line breakpoints and assertion debug will not be available.
# File: C:/Users/emily/Git/Ece443_Ly_Zimmerman_FinalProject/ece443_finalproject/Simple_Processor/Simple Processor/src/Testbench/tb.vhd
# Compile Entity "Processor_TB"
# Compile Architecture "Testbench" of Entity "Processor_TB"
# Error: COMP96_0127: Testbench/tb.vhd : (32, 36): Improper aggregate length. Expected length is 16.
# Error: COMP96_0078: Testbench/tb.vhd : (52, 22): Unknown identifier "Processor".
# Error: COMP96_0055: Testbench/tb.vhd : (52, 17): Cannot find context item "work.Processor".
# Error: COMP96_0077: Testbench/tb.vhd : (83, 19): Undefined type of expression. Expected type 'SIGNED'.
# Error: COMP96_0078: Testbench/tb.vhd : (100, 40): Unknown identifier "conv_integer".
# Error: COMP96_0133: Testbench/tb.vhd : (100, 40): Cannot find object declaration.
# Error: COMP96_0289: Testbench/tb.vhd : (100, 40): Prefix of index must be an array.
# Compile failure 7 Errors 0 Warnings  Analysis time :  31.0 [ms]
