# Waveform file 'C:/Users/emily/Git/Ece443_Ly_Zimmerman_FinalProject/ece443_finalproject/Components/Register_File/RegisterFile/src/registerfilewave.awc' connected to 'C:/Users/emily/Git/Ece443_Ly_Zimmerman_FinalProject/ece443_finalproject/Components/Register_File/RegisterFile/src/registerfilewave.asdb'.
# Waveform file 'untitled.awc' connected to 'C:/Users/emily/Git/Ece443_Ly_Zimmerman_FinalProject/ece443_finalproject/Components/Register_File/RegisterFile/src/registerfilewave.asdb'.
acom -O3 -e 100 -work Register_File -2002  "$dsn/src/Register File.vhd" $dsn/src/TestBench/registerfile_TB.vhd
# Warning: DAGGEN_0523: The source is compiled without the -dbg switch. Line breakpoints and assertion debug will not be available.
# File: C:/Users/emily/Git/Ece443_Ly_Zimmerman_FinalProject/ece443_finalproject/Components/Register_File/Register File/src/Register File.vhd
# Compile Entity "RegisterFile"
# Compile Architecture "Behavioral" of Entity "RegisterFile"
# File: C:/Users/emily/Git/Ece443_Ly_Zimmerman_FinalProject/ece443_finalproject/Components/Register_File/Register File/src/TestBench/registerfile_TB.vhd
# Compile Entity "registerfile_tb"
# Compile Architecture "TB_ARCHITECTURE" of Entity "registerfile_tb"
# Compile Configuration "TESTBENCH_FOR_registerfile"
# Error: VLM_0026: Cannot write data to the MGF file - possibly no space on disk or MGF file corrupted. In the second case, please use command vdel -all to empty library "register_file".
# Error: DAGGEN_0700: Fatal error : INTERNAL CODE GENERATOR ERROR
#  (when resetting code generator for package (null))
# Error: COMP96_0236: Fatal error : INTERNAL COMPILER ERROR (compiled file "C:/Users/emily/Git/Ece443_Ly_Zimmerman_FinalProject/ece443_finalproject/Components/Register_File/Register File/src/TestBench/registerfile_TB.vhd" - global process).
# Compile failure 3 Errors 0 Warnings  Analysis time :  0.1 [s]
acom -O3 -e 100 -work Register_File -2002  "$dsn/src/Register File.vhd"
# Warning: DAGGEN_0523: The source is compiled without the -dbg switch. Line breakpoints and assertion debug will not be available.
# File: C:/Users/emily/Git/Ece443_Ly_Zimmerman_FinalProject/ece443_finalproject/Components/Register_File/Register File/src/Register File.vhd
# Compile Entity "RegisterFile"
# Compile Architecture "Behavioral" of Entity "RegisterFile"
# Compile success 0 Errors 0 Warnings  Analysis time :  31.0 [ms]
acom -O3 -e 100 -work Register_File -2002  $dsn/src/TestBench/registerfile_TB.vhd
# Warning: DAGGEN_0523: The source is compiled without the -dbg switch. Line breakpoints and assertion debug will not be available.
# File: C:/Users/emily/Git/Ece443_Ly_Zimmerman_FinalProject/ece443_finalproject/Components/Register_File/Register File/src/TestBench/registerfile_TB.vhd
# Compile Entity "registerfile_tb"
# Compile Architecture "TB_ARCHITECTURE" of Entity "registerfile_tb"
# Compile Configuration "TESTBENCH_FOR_registerfile"
# Compile success 0 Errors 0 Warnings  Analysis time :  32.0 [ms]
# Library Manager: Library "register_file" contents cleared.
# Waveform file 'C:/Users/emily/Git/Ece443_Ly_Zimmerman_FinalProject/ece443_finalproject/Components/Register_File/RegisterFile/src/untitled.awc' connected to 'C:/Users/emily/Git/Ece443_Ly_Zimmerman_FinalProject/ece443_finalproject/Components/Register_File/RegisterFile/src/untitled.asdb'.
# Adding file C:\Users\emily\Git\Ece443_Ly_Zimmerman_FinalProject\ece443_finalproject\Components\Register_File\RegisterFile\src\untitled.asdb ... Done
# Adding file C:\Users\emily\Git\Ece443_Ly_Zimmerman_FinalProject\ece443_finalproject\Components\Register_File\RegisterFile\src\untitled.awc ... Done
acom -reorder -O3 -e 100 -work Register_File -2002  "$dsn/src/Register File.vhd" $dsn/src/TestBench/registerfile_TB.vhd
# Warning: DAGGEN_0523: The source is compiled without the -dbg switch. Line breakpoints and assertion debug will not be available.
# File: C:/Users/emily/Git/Ece443_Ly_Zimmerman_FinalProject/ece443_finalproject/Components/Register_File/Register File/src/Register File.vhd
# Compile Entity "RegisterFile"
# Compile Architecture "Behavioral" of Entity "RegisterFile"
# File: C:/Users/emily/Git/Ece443_Ly_Zimmerman_FinalProject/ece443_finalproject/Components/Register_File/Register File/src/TestBench/registerfile_TB.vhd
# Compile Entity "registerfile_tb"
# Compile Architecture "TB_ARCHITECTURE" of Entity "registerfile_tb"
# Compile Configuration "TESTBENCH_FOR_registerfile"
# Top-level unit(s) detected:
# Configuration => TESTBENCH_FOR_registerfile
# Compile success 0 Errors 0 Warnings  Analysis time :  47.0 [ms]
# ELBREAD: Elaboration process.
# ELBREAD: Elaboration time 0.0 [s].
asim -O5 +access +r +m+testbench_for_registerfile testbench_for_registerfile
# ELBREAD: Elaboration process.
# ELBREAD: Elaboration time 0.0 [s].
# VSIM: Stack memory: 32MB
# VSIM: Retval memory: 32MB
# 
# KERNEL: Main thread initiated.
# KERNEL: Kernel process initialization phase.
# ELAB2: Elaboration final pass...
# ELAB2: Create instances ...
# KERNEL: Time resolution set to 1ps.
# ELAB2: Create instances complete.
# SLP: Started
# SLP: Elaboration phase ...
# SLP: Elaboration phase ... skipped, nothing to simulate in SLP mode : 0.0 [s]
# SLP: Finished : 0.0 [s]
# ELAB2: Elaboration final pass complete - time: 0.1 [s].
# KERNEL: Warning: You are using the Active-HDL Student Edition. The performance of simulation is running at a reduced rate.
# KERNEL: Warning: Contact Aldec for available upgrade options - sales@aldec.com.
# KERNEL: Kernel process initialization done.
# Allocation: Simulator allocated 6593 kB (elbread=427 elab2=6027 kernel=139 sdf=0)
# KERNEL: ASDB file was created in location C:\Users\emily\Git\Ece443_Ly_Zimmerman_FinalProject\ece443_finalproject\Components\Register_File\Register File\src\wave.asdb
#  6:49 AM, Monday, December 4, 2023
#  Simulation has been initialized
# VSIM: 10 object(s) traced.
# Waveform file 'untitled.awc' connected to 'C:/Users/emily/Git/Ece443_Ly_Zimmerman_FinalProject/ece443_finalproject/Components/Register_File/Register File/src/wave.asdb'.
run @10ns
# KERNEL: WARNING: NUMERIC_STD.TO_INTEGER: metavalue detected, returning 0
# KERNEL: Time: 0 ps,  Iteration: 0,  Instance: /registerfile_tb/UUT,  Process: line__52.
# KERNEL: WARNING: NUMERIC_STD.TO_INTEGER: metavalue detected, returning 0
# KERNEL: Time: 0 ps,  Iteration: 0,  Instance: /registerfile_tb/UUT,  Process: line__53.
# KERNEL: stopped at time: 10 ns
endsim
# VSIM: Simulation has finished.
asim -O5 +access +r +m+testbench_for_registerfile testbench_for_registerfile
# ELBREAD: Elaboration process.
# ELBREAD: Elaboration time 0.0 [s].
# VSIM: Stack memory: 32MB
# VSIM: Retval memory: 32MB
# 
# KERNEL: Main thread initiated.
# KERNEL: Kernel process initialization phase.
# ELAB2: Elaboration final pass...
# ELAB2: Create instances ...
# KERNEL: Time resolution set to 1ps.
# ELAB2: Create instances complete.
# SLP: Started
# SLP: Elaboration phase ...
# SLP: Elaboration phase ... skipped, nothing to simulate in SLP mode : 0.0 [s]
# SLP: Finished : 0.0 [s]
# ELAB2: Elaboration final pass complete - time: 0.0 [s].
# KERNEL: Warning: You are using the Active-HDL Student Edition. The performance of simulation is running at a reduced rate.
# KERNEL: Warning: Contact Aldec for available upgrade options - sales@aldec.com.
# KERNEL: Kernel process initialization done.
# Allocation: Simulator allocated 6593 kB (elbread=427 elab2=6027 kernel=139 sdf=0)
# KERNEL: ASDB file was created in location C:\Users\emily\Git\Ece443_Ly_Zimmerman_FinalProject\ece443_finalproject\Components\Register_File\Register File\src\wave.asdb
#  6:49 AM, Monday, December 4, 2023
#  Simulation has been initialized
# Waveform file 'untitled.awc' connected to 'C:/Users/emily/Git/Ece443_Ly_Zimmerman_FinalProject/ece443_finalproject/Components/Register_File/Register File/src/wave.asdb'.
run @100ns
# KERNEL: WARNING: NUMERIC_STD.TO_INTEGER: metavalue detected, returning 0
# KERNEL: Time: 0 ps,  Iteration: 0,  Instance: /registerfile_tb/UUT,  Process: line__52.
# KERNEL: WARNING: NUMERIC_STD.TO_INTEGER: metavalue detected, returning 0
# KERNEL: Time: 0 ps,  Iteration: 0,  Instance: /registerfile_tb/UUT,  Process: line__53.
# KERNEL: WARNING: NUMERIC_STD.TO_INTEGER: metavalue detected, returning 0
# KERNEL: Time: 20 ns,  Iteration: 2,  Instance: /registerfile_tb/UUT,  Process: line__52.
# KERNEL: WARNING: NUMERIC_STD.TO_INTEGER: metavalue detected, returning 0
# KERNEL: Time: 20 ns,  Iteration: 2,  Instance: /registerfile_tb/UUT,  Process: line__53.
# KERNEL: WARNING: NUMERIC_STD.TO_INTEGER: metavalue detected, returning 0
# KERNEL: Time: 35 ns,  Iteration: 2,  Instance: /registerfile_tb/UUT,  Process: line__52.
# KERNEL: WARNING: NUMERIC_STD.TO_INTEGER: metavalue detected, returning 0
# KERNEL: Time: 35 ns,  Iteration: 2,  Instance: /registerfile_tb/UUT,  Process: line__53.
# KERNEL: stopped at time: 100 ns
# Waveform file 'C:/Users/emily/Git/Ece443_Ly_Zimmerman_FinalProject/ece443_finalproject/Components/Register_File/RegisterFile/src/untitled.awc' connected to 'C:/Users/emily/Git/Ece443_Ly_Zimmerman_FinalProject/ece443_finalproject/Components/Register_File/RegisterFile/src/untitled.asdb'.
