Active-HDL 12.0.118.7745 2023-11-26 17:29:32

Elaboration top modules:
Architecture                  Behavioral(Instruction_Fetch)


----------------------------------------------------------------------------------------------------------------------
Entity             | Architecture | Library                    | Info | Compiler Version        | Compilation Options
----------------------------------------------------------------------------------------------------------------------
Instruction_Fetch  | Behavioral   | Instruction_Decode_Execute |      | 12.0.118.7745 (Windows) | -O3
Instruction_Memory | Behavioral   | Instruction_Decode_Execute |      | 12.0.118.7745 (Windows) | -O3
----------------------------------------------------------------------------------------------------------------------

----------------------------------------------------------------------------------------------------------------------
VHDL Package                      | Library                    | Info | Compiler Version        | Compilation Options
----------------------------------------------------------------------------------------------------------------------
standard                          | std                        |      |                         | <unavailable>
TEXTIO                            | std                        |      |                         | <unavailable>
std_logic_1164                    | ieee                       |      |                         | <unavailable>
NUMERIC_STD                       | ieee                       |      |                         | <unavailable>
----------------------------------------------------------------------------------------------------------------------

----------------------------------------------------------------------------------------------------------------------
Library                           | Comment
----------------------------------------------------------------------------------------------------------------------
ieee                              | Standard IEEE packages library
Instruction_Decode_Execute        | None
std                               | Standard VHDL library
----------------------------------------------------------------------------------------------------------------------
