Active-HDL 12.0.118.7745 2023-12-01 10:49:34

Elaboration top modules:
Architecture                  TB_ARCHITECTURE(registerfile_tb)


---------------------------------------------------------------------------------------------------------
Entity          | Architecture    | Library       | Info | Compiler Version        | Compilation Options
---------------------------------------------------------------------------------------------------------
registerfile_tb | TB_ARCHITECTURE | register_file |      | 12.0.118.7745 (Windows) | -O3
RegisterFile    | Behavioral      | register_file |      | 12.0.118.7745 (Windows) | -O3
---------------------------------------------------------------------------------------------------------

---------------------------------------------------------------------------------------------------------
VHDL Package                      | Library       | Info | Compiler Version        | Compilation Options
---------------------------------------------------------------------------------------------------------
standard                          | std           |      |                         | <unavailable>
TEXTIO                            | std           |      |                         | <unavailable>
std_logic_1164                    | ieee          |      |                         | <unavailable>
NUMERIC_STD                       | ieee          |      |                         | <unavailable>
---------------------------------------------------------------------------------------------------------

---------------------------------------------------------------------------------------------------------
Library                           | Comment
---------------------------------------------------------------------------------------------------------
ieee                              | Standard IEEE packages library
register_file                     | None
std                               | Standard VHDL library
---------------------------------------------------------------------------------------------------------


Simulation Options: asim -O5 +access +r +m+registerfile_tb registerfile_tb TB_ARCHITECTURE


The performance of simulation is reduced. Version EDU Edition
