Active-HDL 13.0.376.8320 2023-12-04 12:46:25

Elaboration top modules:
Architecture                  Behavioral(RegisterFile)


--------------------------------------------------------------------------------------------------------
Entity       | Architecture | Library          | Info | Compiler Version          | Compilation Options
--------------------------------------------------------------------------------------------------------
RegisterFile | Behavioral   | simple_processor |      | 13.0.376.8320 (Windows64) | -O3
--------------------------------------------------------------------------------------------------------

--------------------------------------------------------------------------------------------------------
VHDL Package                | Library          | Info | Compiler Version          | Compilation Options
--------------------------------------------------------------------------------------------------------
standard                    | std              |      |                           | <unavailable>
TEXTIO                      | std              |      | 13.0.376.8320 (Windows64) |  -2019
std_logic_1164              | ieee             |      | 13.0.376.8320 (Windows64) |  -2008
NUMERIC_STD                 | ieee             |      | 13.0.376.8320 (Windows64) |  -2008
--------------------------------------------------------------------------------------------------------

--------------------------------------------------------------------------------------------------------
Library                     | Comment
--------------------------------------------------------------------------------------------------------
ieee                        | Standard IEEE packages library
simple_processor            | None
std                         | Standard VHDL library
--------------------------------------------------------------------------------------------------------
